<?xml version="1.0" encoding="UTF-8"?>
<!-- Generated by org.testng.reporters.JUnitReportReporter -->
<testsuite hostname="LAPTOP-NO6JG518" name="TastyTimes.MavenDemoProjectBuild.DemoSeleniumApi" tests="2" failures="0" timestamp="11 May 2020 04:21:38 GMT" time="0.010" errors="0">
  <testcase name="browserautomation" time="0.010" classname="TastyTimes.MavenDemoProjectBuild.DemoSeleniumApi"/>
  <testcase name="elementsui" time="0.000" classname="TastyTimes.MavenDemoProjectBuild.DemoSeleniumApi"/>
</testsuite>
